[2026-06-19 12:26:34.625800] ✅ Найдено стратегий: 20
[2026-06-19 12:26:34.643191] 🔍 Проверка статуса...
[2026-06-19 12:27:36.047264] 🚀 Запуск: general (ALT11).bat
[2026-06-19 12:27:36.050616] ✅ Запущен успешно
[2026-06-19 12:27:42.261070] ✅ winws.exe остановлен (PID: 5144)
[2026-06-19 12:27:42.415097] ⏹ Остановлен
[2026-06-19 12:27:44.411616] 🚀 Запуск: general (ALT11).bat
[2026-06-19 12:27:44.453996] ✅ Запущен успешно
[2026-06-19 12:31:47.772038] ⏹ Остановлен
[2026-06-19 12:31:48.539537] 🚀 Запуск: general (ALT11).bat
[2026-06-19 12:31:48.544346] ✅ Запущен успешно
[2026-06-19 12:32:20.669282] ✅ winws.exe остановлен (PID: 3380)
[2026-06-19 12:32:20.681725] ⏹ Остановлен
[2026-06-19 12:32:21.683959] 🚀 Запуск: general (ALT11).bat
[2026-06-19 12:32:21.688775] ✅ Запущен успешно
[2026-06-19 12:32:27.039734] ⏹ Остановлен
[2026-06-19 12:32:55.351930] 📦 Установка службы: general (ALT11).bat
[2026-06-19 12:32:57.864574] ✅ Служба установлена
[2026-06-19 12:33:07.293878] 🚀 Запуск: general (ALT11).bat
[2026-06-19 12:33:07.298488] ✅ Запущен успешно
[2026-06-19 12:33:52.712980] ⏹ Остановлен
[2026-06-19 12:33:58.741807] 🚀 Запуск: general (ALT11).bat
[2026-06-19 12:33:58.747075] ✅ Запущен успешно
[2026-06-19 12:34:01.284377] ⏹ Остановлен
